# JRE version: OpenJDK Runtime Environment Temurin-11.0.14.1+1 (11.0.14.1+1) (build 11.0.14.1+1)
# Java VM: OpenJDK 64-Bit Server VM Temurin-11.0.14.1+1 (11.0.14.1+1, mixed mode, tiered, compressed oops, g1 gc, windows-amd64)
Heap:
 garbage-first heap   total 129024K, used 21885K [0x0000000082000000, 0x0000000100000000)
  region size 1024K, 17 young (17408K), 3 survivors (3072K)
 Metaspace       used 24358K, capacity 24812K, committed 24960K, reserved 1071104K
  class space    used 2479K, capacity 2598K, committed 2688K, reserved 1048576K
GC Heap History (6 events):
Event: 6.160 GC heap before
{Heap before GC invocations=0 (full 0):
 garbage-first heap   total 129024K, used 14336K [0x0000000082000000, 0x0000000100000000)
  region size 1024K, 14 young (14336K), 0 survivors (0K)
 Metaspace       used 11011K, capacity 11195K, committed 11392K, reserved 1058816K
  class space    used 1017K, capacity 1090K, committed 1152K, reserved 1048576K
}
Event: 6.165 GC heap after
{Heap after GC invocations=1 (full 0):
 garbage-first heap   total 129024K, used 2946K [0x0000000082000000, 0x0000000100000000)
  region size 1024K, 2 young (2048K), 2 survivors (2048K)
 Metaspace       used 11011K, capacity 11195K, committed 11392K, reserved 1058816K
  class space    used 1017K, capacity 1090K, committed 1152K, reserved 1048576K
}
Event: 12.000 GC heap before
{Heap before GC invocations=1 (full 0):
 garbage-first heap   total 129024K, used 32642K [0x0000000082000000, 0x0000000100000000)
  region size 1024K, 32 young (32768K), 2 survivors (2048K)
 Metaspace       used 20788K, capacity 21106K, committed 21248K, reserved 1069056K
  class space    used 2046K, capacity 2202K, committed 2304K, reserved 1048576K
}
Event: 12.042 GC heap after
{Heap after GC invocations=2 (full 0):
 garbage-first heap   total 129024K, used 6141K [0x0000000082000000, 0x0000000100000000)
  region size 1024K, 6 young (6144K), 6 survivors (6144K)
 Metaspace       used 20788K, capacity 21106K, committed 21248K, reserved 1069056K
  class space    used 2046K, capacity 2202K, committed 2304K, reserved 1048576K
}
Event: 15.205 GC heap before
{Heap before GC invocations=3 (full 0):
 garbage-first heap   total 129024K, used 17405K [0x0000000082000000, 0x0000000100000000)
  region size 1024K, 18 young (18432K), 6 survivors (6144K)
 Metaspace       used 24203K, capacity 24596K, committed 24704K, reserved 1071104K
  class space    used 2472K, capacity 2594K, committed 2688K, reserved 1048576K
}
Event: 15.239 GC heap after
{Heap after GC invocations=4 (full 0):
 garbage-first heap   total 129024K, used 9597K [0x0000000082000000, 0x0000000100000000)
  region size 1024K, 3 young (3072K), 3 survivors (3072K)
 Metaspace       used 24203K, capacity 24596K, committed 24704K, reserved 1071104K
  class space    used 2472K, capacity 2594K, committed 2688K, reserved 1048576K
}

