# JRE version: OpenJDK Runtime Environment Temurin-11.0.14.1+1 (11.0.14.1+1) (build 11.0.14.1+1)
# Java VM: OpenJDK 64-Bit Server VM Temurin-11.0.14.1+1 (11.0.14.1+1, mixed mode, tiered, compressed oops, g1 gc, windows-amd64)
Heap:
 garbage-first heap   total 129024K, used 22420K [0x0000000082000000, 0x0000000100000000)
  region size 1024K, 18 young (18432K), 3 survivors (3072K)
 Metaspace       used 24347K, capacity 24731K, committed 24880K, reserved 1071104K
  class space    used 2483K, capacity 2598K, committed 2688K, reserved 1048576K
GC Heap History (6 events):
Event: 5.810 GC heap before
{Heap before GC invocations=0 (full 0):
 garbage-first heap   total 129024K, used 14336K [0x0000000082000000, 0x0000000100000000)
  region size 1024K, 14 young (14336K), 0 survivors (0K)
 Metaspace       used 11013K, capacity 11195K, committed 11392K, reserved 1058816K
  class space    used 1019K, capacity 1090K, committed 1152K, reserved 1048576K
}
Event: 5.818 GC heap after
{Heap after GC invocations=1 (full 0):
 garbage-first heap   total 129024K, used 2910K [0x0000000082000000, 0x0000000100000000)
  region size 1024K, 2 young (2048K), 2 survivors (2048K)
 Metaspace       used 11013K, capacity 11195K, committed 11392K, reserved 1058816K
  class space    used 1019K, capacity 1090K, committed 1152K, reserved 1048576K
}
Event: 10.959 GC heap before
{Heap before GC invocations=1 (full 0):
 garbage-first heap   total 129024K, used 32606K [0x0000000082000000, 0x0000000100000000)
  region size 1024K, 32 young (32768K), 2 survivors (2048K)
 Metaspace       used 20806K, capacity 21120K, committed 21296K, reserved 1069056K
  class space    used 2055K, capacity 2170K, committed 2176K, reserved 1048576K
}
Event: 10.995 GC heap after
{Heap after GC invocations=2 (full 0):
 garbage-first heap   total 129024K, used 6352K [0x0000000082000000, 0x0000000100000000)
  region size 1024K, 6 young (6144K), 6 survivors (6144K)
 Metaspace       used 20806K, capacity 21120K, committed 21296K, reserved 1069056K
  class space    used 2055K, capacity 2170K, committed 2176K, reserved 1048576K
}
Event: 14.227 GC heap before
{Heap before GC invocations=3 (full 0):
 garbage-first heap   total 129024K, used 17616K [0x0000000082000000, 0x0000000100000000)
  region size 1024K, 17 young (17408K), 6 survivors (6144K)
 Metaspace       used 24183K, capacity 24578K, committed 24880K, reserved 1071104K
  class space    used 2477K, capacity 2594K, committed 2688K, reserved 1048576K
}
Event: 14.440 GC heap after
{Heap after GC invocations=4 (full 0):
 garbage-first heap   total 129024K, used 9108K [0x0000000082000000, 0x0000000100000000)
  region size 1024K, 3 young (3072K), 3 survivors (3072K)
 Metaspace       used 24183K, capacity 24578K, committed 24880K, reserved 1071104K
  class space    used 2477K, capacity 2594K, committed 2688K, reserved 1048576K
}

